<?xml version="1.0" encoding="UTF-8"?>
<testsuite xmlns:xsi="http://www.w3.org/2001/XMLSchema-instance" xsi:noNamespaceSchemaLocation="https://maven.apache.org/surefire/maven-surefire-plugin/xsd/surefire-test-report.xsd" version="3.0.2" name="com.example.demo.ApplicationTest" time="6.249" tests="1" errors="0" skipped="0" failures="0">
  <properties>
[...]
</properties>
  <testcase name="testPostRepository" classname="com.example.demo.ApplicationTest" time="3.256">
    <system-out><![CDATA[12:19:36,461 |-INFO in ch.qos.logback.classic.LoggerContext[default] - This is logback-classic version 1.5.17
12:19:36,463 |-INFO in ch.qos.logback.classic.util.ContextInitializer@61544ae6 - No custom configurators were discovered as a service.
12:19:36,463 |-INFO in ch.qos.logback.classic.util.ContextInitializer@61544ae6 - Trying to configure with ch.qos.logback.classic.joran.SerializedModelConfigurator
12:19:36,465 |-INFO in ch.qos.logback.classic.util.ContextInitializer@61544ae6 - Constructed configurator of type class ch.qos.logback.classic.joran.SerializedModelConfigurator
12:19:36,473 |-INFO in ch.qos.logback.classic.LoggerContext[default] - Could NOT find resource [logback-test.scmo]
12:19:36,474 |-INFO in ch.qos.logback.classic.LoggerContext[default] - Could NOT find resource [logback.scmo]
12:19:36,486 |-INFO in ch.qos.logback.classic.util.ContextInitializer@61544ae6 - ch.qos.logback.classic.joran.SerializedModelConfigurator.configure() call lasted 9 milliseconds. ExecutionStatus=INVOKE_NEXT_IF_ANY
12:19:36,486 |-INFO in ch.qos.logback.classic.util.ContextInitializer@61544ae6 - Trying to configure with ch.qos.logback.classic.util.DefaultJoranConfigurator
12:19:36,487 |-INFO in ch.qos.logback.classic.util.ContextInitializer@61544ae6 - Constructed configurator of type class ch.qos.logback.classic.util.DefaultJoranConfigurator
12:19:36,488 |-INFO in ch.qos.logback.classic.LoggerContext[default] - Could NOT find resource [logback-test.xml]
12:19:36,494 |-INFO in ch.qos.logback.classic.LoggerContext[default] - Found resource [logback.xml] at [file:/D:/hantsylabs/spring7-sandbox/bean-registrar-kotlin-dsl/target/classes/logback.xml]
12:19:36,800 |-INFO in ch.qos.logback.core.model.processor.AppenderModelHandler - Processing appender named [Console]
12:19:36,800 |-INFO in ch.qos.logback.core.model.processor.AppenderModelHandler - About to instantiate appender of type [ch.qos.logback.core.ConsoleAppender]
12:19:36,976 |-WARN in ch.qos.logback.core.ConsoleAppender[Console] - This appender no longer admits a layout as a sub-component, set an encoder instead.
12:19:36,976 |-WARN in ch.qos.logback.core.ConsoleAppender[Console] - To ensure compatibility, wrapping your layout in LayoutWrappingEncoder.
12:19:36,976 |-WARN in ch.qos.logback.core.ConsoleAppender[Console] - See also https://logback.qos.ch/codes.html#layoutInsteadOfEncoder for details
12:19:36,976 |-INFO in ch.qos.logback.core.ConsoleAppender[Console] - BEWARE: Writing to the console can be very slow. Avoid logging to the 
12:19:36,976 |-INFO in ch.qos.logback.core.ConsoleAppender[Console] - console in production environments, especially in high volume systems.
12:19:36,976 |-INFO in ch.qos.logback.core.ConsoleAppender[Console] - See also https://logback.qos.ch/codes.html#slowConsole
12:19:36,977 |-INFO in ch.qos.logback.core.model.processor.AppenderModelHandler - Processing appender named [RollingFile]
12:19:36,977 |-INFO in ch.qos.logback.core.model.processor.AppenderModelHandler - About to instantiate appender of type [ch.qos.logback.core.rolling.RollingFileAppender]
12:19:36,987 |-INFO in ch.qos.logback.core.model.processor.ModelInterpretationContext@4b41dd5c - value "./logs/app.log" substituted for "${LOGS}/app.log"
12:19:36,998 |-INFO in ch.qos.logback.core.model.processor.ModelInterpretationContext@4b41dd5c - value "./logs/archived/app-%d{yyyy-MM-dd}.%i.log" substituted for "${LOGS}/archived/app-%d{yyyy-MM-dd}.%i.log"
12:19:37,018 |-INFO in c.q.l.core.rolling.TimeBasedRollingPolicy@999736366 - No compression will be used
12:19:37,022 |-INFO in c.q.l.core.rolling.TimeBasedRollingPolicy@999736366 - Will use the pattern ./logs/archived/app-%d{yyyy-MM-dd}.%i.log for the active file
12:19:37,028 |-INFO in ch.qos.logback.core.rolling.SizeAndTimeBasedFileNamingAndTriggeringPolicy@5d066c7d - The date pattern is 'yyyy-MM-dd' from file name pattern './logs/archived/app-%d{yyyy-MM-dd}.%i.log'.
12:19:37,028 |-INFO in ch.qos.logback.core.rolling.SizeAndTimeBasedFileNamingAndTriggeringPolicy@5d066c7d - Roll-over at midnight.
12:19:37,032 |-INFO in ch.qos.logback.core.rolling.SizeAndTimeBasedFileNamingAndTriggeringPolicy@5d066c7d - Setting initial period to 2025-06-07T04:14:20.422Z
12:19:37,032 |-WARN in ch.qos.logback.core.rolling.SizeAndTimeBasedFileNamingAndTriggeringPolicy@5d066c7d - Direct use of either SizeAndTimeBasedFNATP or SizeAndTimeBasedFileNamingAndTriggeringPolicy 
12:19:37,032 |-WARN in ch.qos.logback.core.rolling.SizeAndTimeBasedFileNamingAndTriggeringPolicy@5d066c7d - is deprecated. Please use SizeAndTimeBasedRollingPolicy instead.
12:19:37,032 |-WARN in ch.qos.logback.core.rolling.SizeAndTimeBasedFileNamingAndTriggeringPolicy@5d066c7d - For more information see https://logback.qos.ch/manual/appenders.html#SizeAndTimeBasedRollingPolicy
12:19:37,047 |-INFO in ch.qos.logback.core.rolling.RollingFileAppender[RollingFile] - Active log file name: ./logs/app.log
12:19:37,067 |-INFO in ch.qos.logback.core.rolling.RollingFileAppender[RollingFile] - Setting currentFileLength to 43284 for .\logs\app.log
12:19:37,067 |-INFO in ch.qos.logback.core.rolling.RollingFileAppender[RollingFile] - File property is set to [./logs/app.log]
12:19:37,071 |-INFO in ch.qos.logback.classic.model.processor.RootLoggerModelHandler - Setting level of ROOT logger to INFO
12:19:37,073 |-INFO in ch.qos.logback.core.model.processor.AppenderRefModelHandler - Attaching appender named [RollingFile] to Logger[ROOT]
12:19:37,078 |-INFO in ch.qos.logback.core.model.processor.AppenderRefModelHandler - Attaching appender named [Console] to Logger[ROOT]
12:19:37,079 |-INFO in ch.qos.logback.classic.model.processor.LoggerModelHandler - Setting level of logger [org.springframework.beans] to TRACE
12:19:37,080 |-INFO in ch.qos.logback.classic.model.processor.LoggerModelHandler - Setting level of logger [org.springframework.context] to DEBUG
12:19:37,080 |-INFO in ch.qos.logback.classic.model.processor.LoggerModelHandler - Setting level of logger [org.springframework.r2dbc] to DEBUG
12:19:37,080 |-INFO in ch.qos.logback.classic.model.processor.LoggerModelHandler - Setting level of logger [reactor.util] to INFO
12:19:37,080 |-INFO in ch.qos.logback.classic.model.processor.LoggerModelHandler - Setting level of logger [com.example] to DEBUG
12:19:37,094 |-INFO in ch.qos.logback.classic.model.processor.LoggerModelHandler - Setting additivity of logger [com.example] to false
12:19:37,094 |-INFO in ch.qos.logback.core.model.processor.AppenderRefModelHandler - Attaching appender named [RollingFile] to Logger[com.example]
12:19:37,094 |-INFO in ch.qos.logback.core.model.processor.AppenderRefModelHandler - Attaching appender named [Console] to Logger[com.example]
12:19:37,094 |-INFO in ch.qos.logback.core.model.processor.DefaultProcessor@1e461e41 - End of configuration.
12:19:37,097 |-INFO in ch.qos.logback.classic.joran.JoranConfigurator@5ba88be8 - Registering current configuration as safe fallback point
12:19:37,097 |-INFO in ch.qos.logback.classic.util.ContextInitializer@61544ae6 - ch.qos.logback.classic.util.DefaultJoranConfigurator.configure() call lasted 610 milliseconds. ExecutionStatus=DO_NOT_INVOKE_NEXT_IF_ANY

&amp#27;[32m2025-06-07 12:19:37,931&amp#27;[0;39m &amp#27;[39mDEBUG&amp#27;[0;39m [&amp#27;[34mmain&amp#27;[0;39m] &amp#27;[33mo.s.c.s.AbstractApplicationContext&amp#27;[0;39m: Refreshing org.springframework.context.support.GenericApplicationContext@40cb698e
&amp#27;[32m2025-06-07 12:19:37,981&amp#27;[0;39m &amp#27;[39mDEBUG&amp#27;[0;39m [&amp#27;[34mmain&amp#27;[0;39m] &amp#27;[33mo.s.b.f.s.DefaultSingletonBeanRegistry&amp#27;[0;39m: Creating shared instance of singleton bean 'org.springframework.context.annotation.internalConfigurationAnnotationProcessor'
&amp#27;[32m2025-06-07 12:19:37,983&amp#27;[0;39m &amp#27;[39mTRACE&amp#27;[0;39m [&amp#27;[34mmain&amp#27;[0;39m] &amp#27;[33mo.s.b.f.s.AbstractAutowireCapableBeanFactory&amp#27;[0;39m: Creating instance of bean 'org.springframework.context.annotation.internalConfigurationAnnotationProcessor'
&amp#27;[32m2025-06-07 12:19:38,025&amp#27;[0;39m &amp#27;[39mTRACE&amp#27;[0;39m [&amp#27;[34mmain&amp#27;[0;39m] &amp#27;[33mo.s.b.f.s.AbstractAutowireCapableBeanFactory&amp#27;[0;39m: Eagerly caching bean 'org.springframework.context.annotation.internalConfigurationAnnotationProcessor' to allow for resolving potential circular references
&amp#27;[32m2025-06-07 12:19:38,032&amp#27;[0;39m &amp#27;[39mTRACE&amp#27;[0;39m [&amp#27;[34mmain&amp#27;[0;39m] &amp#27;[33mo.s.b.f.s.AbstractAutowireCapableBeanFactory&amp#27;[0;39m: Finished creating instance of bean 'org.springframework.context.annotation.internalConfigurationAnnotationProcessor'
&amp#27;[32m2025-06-07 12:19:39,034&amp#27;[0;39m &amp#27;[39mDEBUG&amp#27;[0;39m [&amp#27;[34mmain&amp#27;[0;39m] &amp#27;[33mo.s.b.f.s.DefaultSingletonBeanRegistry&amp#27;[0;39m: Creating shared instance of singleton bean 'org.springframework.context.event.internalEventListenerProcessor'
&amp#27;[32m2025-06-07 12:19:39,035&amp#27;[0;39m &amp#27;[39mTRACE&amp#27;[0;39m [&amp#27;[34mmain&amp#27;[0;39m] &amp#27;[33mo.s.b.f.s.AbstractAutowireCapableBeanFactory&amp#27;[0;39m: Creating instance of bean 'org.springframework.context.event.internalEventListenerProcessor'
&amp#27;[32m2025-06-07 12:19:39,047&amp#27;[0;39m &amp#27;[39mTRACE&amp#27;[0;39m [&amp#27;[34mmain&amp#27;[0;39m] &amp#27;[33mo.s.b.f.s.AbstractAutowireCapableBeanFactory&amp#27;[0;39m: Eagerly caching bean 'org.springframework.context.event.internalEventListenerProcessor' to allow for resolving potential circular references
&amp#27;[32m2025-06-07 12:19:39,051&amp#27;[0;39m &amp#27;[39mTRACE&amp#27;[0;39m [&amp#27;[34mmain&amp#27;[0;39m] &amp#27;[33mo.s.b.f.s.AbstractAutowireCapableBeanFactory&amp#27;[0;39m: Finished creating instance of bean 'org.springframework.context.event.internalEventListenerProcessor'
&amp#27;[32m2025-06-07 12:19:39,054&amp#27;[0;39m &amp#27;[39mDEBUG&amp#27;[0;39m [&amp#27;[34mmain&amp#27;[0;39m] &amp#27;[33mo.s.b.f.s.DefaultSingletonBeanRegistry&amp#27;[0;39m: Creating shared instance of singleton bean 'org.springframework.context.event.internalEventListenerFactory'
&amp#27;[32m2025-06-07 12:19:39,057&amp#27;[0;39m &amp#27;[39mTRACE&amp#27;[0;39m [&amp#27;[34mmain&amp#27;[0;39m] &amp#27;[33mo.s.b.f.s.AbstractAutowireCapableBeanFactory&amp#27;[0;39m: Creating instance of bean 'org.springframework.context.event.internalEventListenerFactory'
&amp#27;[32m2025-06-07 12:19:39,059&amp#27;[0;39m &amp#27;[39mTRACE&amp#27;[0;39m [&amp#27;[34mmain&amp#27;[0;39m] &amp#27;[33mo.s.b.f.s.AbstractAutowireCapableBeanFactory&amp#27;[0;39m: Eagerly caching bean 'org.springframework.context.event.internalEventListenerFactory' to allow for resolving potential circular references
&amp#27;[32m2025-06-07 12:19:39,060&amp#27;[0;39m &amp#27;[39mTRACE&amp#27;[0;39m [&amp#27;[34mmain&amp#27;[0;39m] &amp#27;[33mo.s.b.f.s.AbstractAutowireCapableBeanFactory&amp#27;[0;39m: Finished creating instance of bean 'org.springframework.context.event.internalEventListenerFactory'
&amp#27;[32m2025-06-07 12:19:39,064&amp#27;[0;39m &amp#27;[39mDEBUG&amp#27;[0;39m [&amp#27;[34mmain&amp#27;[0;39m] &amp#27;[33mo.s.b.f.s.DefaultSingletonBeanRegistry&amp#27;[0;39m: Creating shared instance of singleton bean 'org.springframework.context.annotation.internalAutowiredAnnotationProcessor'
&amp#27;[32m2025-06-07 12:19:39,065&amp#27;[0;39m &amp#27;[39mTRACE&amp#27;[0;39m [&amp#27;[34mmain&amp#27;[0;39m] &amp#27;[33mo.s.b.f.s.AbstractAutowireCapableBeanFactory&amp#27;[0;39m: Creating instance of bean 'org.springframework.context.annotation.internalAutowiredAnnotationProcessor'
&amp#27;[32m2025-06-07 12:19:39,070&amp#27;[0;39m &amp#27;[39mTRACE&amp#27;[0;39m [&amp#27;[34mmain&amp#27;[0;39m] &amp#27;[33mo.s.b.f.a.AutowiredAnnotationBeanPostProcessor&amp#27;[0;39m: 'jakarta.inject.Inject' annotation found and supported for autowiring
&amp#27;[32m2025-06-07 12:19:39,071&amp#27;[0;39m &amp#27;[39mTRACE&amp#27;[0;39m [&amp#27;[34mmain&amp#27;[0;39m] &amp#27;[33mo.s.b.f.s.AbstractAutowireCapableBeanFactory&amp#27;[0;39m: Eagerly caching bean 'org.springframework.context.annotation.internalAutowiredAnnotationProcessor' to allow for resolving potential circular references
&amp#27;[32m2025-06-07 12:19:39,072&amp#27;[0;39m &amp#27;[39mTRACE&amp#27;[0;39m [&amp#27;[34mmain&amp#27;[0;39m] &amp#27;[33mo.s.b.f.s.AbstractAutowireCapableBeanFactory&amp#27;[0;39m: Finished creating instance of bean 'org.springframework.context.annotation.internalAutowiredAnnotationProcessor'
&amp#27;[32m2025-06-07 12:19:39,086&amp#27;[0;39m &amp#27;[39mDEBUG&amp#27;[0;39m [&amp#27;[34mmain&amp#27;[0;39m] &amp#27;[33mo.s.b.f.s.DefaultSingletonBeanRegistry&amp#27;[0;39m: Creating shared instance of singleton bean 'org.springframework.test.context.support.internalDynamicPropertyRegistrarBeanInitializer'
&amp#27;[32m2025-06-07 12:19:39,086&amp#27;[0;39m &amp#27;[39mTRACE&amp#27;[0;39m [&amp#27;[34mmain&amp#27;[0;39m] &amp#27;[33mo.s.b.f.s.AbstractAutowireCapableBeanFactory&amp#27;[0;39m: Creating instance of bean 'org.springframework.test.context.support.internalDynamicPropertyRegistrarBeanInitializer'
&amp#27;[32m2025-06-07 12:19:39,092&amp#27;[0;39m &amp#27;[39mTRACE&amp#27;[0;39m [&amp#27;[34mmain&amp#27;[0;39m] &amp#27;[33mo.s.b.f.s.AbstractAutowireCapableBeanFactory&amp#27;[0;39m: Eagerly caching bean 'org.springframework.test.context.support.internalDynamicPropertyRegistrarBeanInitializer' to allow for resolving potential circular references
&amp#27;[32m2025-06-07 12:19:39,094&amp#27;[0;39m &amp#27;[39mTRACE&amp#27;[0;39m [&amp#27;[34mmain&amp#27;[0;39m] &amp#27;[33mo.s.b.f.s.AbstractAutowireCapableBeanFactory&amp#27;[0;39m: Finished creating instance of bean 'org.springframework.test.context.support.internalDynamicPropertyRegistrarBeanInitializer'
&amp#27;[32m2025-06-07 12:19:39,096&amp#27;[0;39m &amp#27;[39mTRACE&amp#27;[0;39m [&amp#27;[34mmain&amp#27;[0;39m] &amp#27;[33mo.s.b.f.s.DefaultListableBeanFactory&amp#27;[0;39m: Pre-instantiating singletons in org.springframework.beans.factory.support.DefaultListableBeanFactory@65e61854: defining beans [org.springframework.context.annotation.internalConfigurationAnnotationProcessor,org.springframework.context.annotation.internalAutowiredAnnotationProcessor,org.springframework.context.event.internalEventListenerProcessor,org.springframework.context.event.internalEventListenerFactory,customConfig,org.springframework.test.context.support.internalDynamicPropertyRegistrarBeanInitializer,com.example.demo.InMemoryPostRepository#0,com.example.demo.PostHandler#0,com.example.demo.Routes#0,webHandler]; root of factory hierarchy
&amp#27;[32m2025-06-07 12:19:39,097&amp#27;[0;39m &amp#27;[39mTRACE&amp#27;[0;39m [&amp#27;[34mmain&amp#27;[0;39m] &amp#27;[33mo.s.b.f.s.AbstractBeanFactory&amp#27;[0;39m: Returning cached instance of singleton bean 'org.springframework.context.annotation.internalConfigurationAnnotationProcessor'
&amp#27;[32m2025-06-07 12:19:39,098&amp#27;[0;39m &amp#27;[39mTRACE&amp#27;[0;39m [&amp#27;[34mmain&amp#27;[0;39m] &amp#27;[33mo.s.b.f.s.AbstractBeanFactory&amp#27;[0;39m: Returning cached instance of singleton bean 'org.springframework.context.annotation.internalAutowiredAnnotationProcessor'
&amp#27;[32m2025-06-07 12:19:39,099&amp#27;[0;39m &amp#27;[39mTRACE&amp#27;[0;39m [&amp#27;[34mmain&amp#27;[0;39m] &amp#27;[33mo.s.b.f.s.AbstractBeanFactory&amp#27;[0;39m: Returning cached instance of singleton bean 'org.springframework.context.event.internalEventListenerProcessor'
&amp#27;[32m2025-06-07 12:19:39,099&amp#27;[0;39m &amp#27;[39mTRACE&amp#27;[0;39m [&amp#27;[34mmain&amp#27;[0;39m] &amp#27;[33mo.s.b.f.s.AbstractBeanFactory&amp#27;[0;39m: Returning cached instance of singleton bean 'org.springframework.context.event.internalEventListenerFactory'
&amp#27;[32m2025-06-07 12:19:39,100&amp#27;[0;39m &amp#27;[39mDEBUG&amp#27;[0;39m [&amp#27;[34mmain&amp#27;[0;39m] &amp#27;[33mo.s.b.f.s.DefaultSingletonBeanRegistry&amp#27;[0;39m: Creating shared instance of singleton bean 'customConfig'
&amp#27;[32m2025-06-07 12:19:39,101&amp#27;[0;39m &amp#27;[39mTRACE&amp#27;[0;39m [&amp#27;[34mmain&amp#27;[0;39m] &amp#27;[33mo.s.b.f.s.AbstractAutowireCapableBeanFactory&amp#27;[0;39m: Creating instance of bean 'customConfig'
&amp#27;[32m2025-06-07 12:19:39,112&amp#27;[0;39m &amp#27;[39mTRACE&amp#27;[0;39m [&amp#27;[34mmain&amp#27;[0;39m] &amp#27;[33mo.s.b.f.s.AbstractAutowireCapableBeanFactory&amp#27;[0;39m: Eagerly caching bean 'customConfig' to allow for resolving potential circular references
&amp#27;[32m2025-06-07 12:19:39,113&amp#27;[0;39m &amp#27;[39mTRACE&amp#27;[0;39m [&amp#27;[34mmain&amp#27;[0;39m] &amp#27;[33mo.s.b.f.s.AbstractAutowireCapableBeanFactory&amp#27;[0;39m: Finished creating instance of bean 'customConfig'
&amp#27;[32m2025-06-07 12:19:39,114&amp#27;[0;39m &amp#27;[39mTRACE&amp#27;[0;39m [&amp#27;[34mmain&amp#27;[0;39m] &amp#27;[33mo.s.b.f.s.AbstractBeanFactory&amp#27;[0;39m: Returning cached instance of singleton bean 'org.springframework.test.context.support.internalDynamicPropertyRegistrarBeanInitializer'
&amp#27;[32m2025-06-07 12:19:39,115&amp#27;[0;39m &amp#27;[39mDEBUG&amp#27;[0;39m [&amp#27;[34mmain&amp#27;[0;39m] &amp#27;[33mo.s.b.f.s.DefaultSingletonBeanRegistry&amp#27;[0;39m: Creating shared instance of singleton bean 'com.example.demo.InMemoryPostRepository#0'
&amp#27;[32m2025-06-07 12:19:39,116&amp#27;[0;39m &amp#27;[39mTRACE&amp#27;[0;39m [&amp#27;[34mmain&amp#27;[0;39m] &amp#27;[33mo.s.b.f.s.AbstractAutowireCapableBeanFactory&amp#27;[0;39m: Creating instance of bean 'com.example.demo.InMemoryPostRepository#0'
&amp#27;[32m2025-06-07 12:19:39,119&amp#27;[0;39m &amp#27;[39mTRACE&amp#27;[0;39m [&amp#27;[34mmain&amp#27;[0;39m] &amp#27;[33mo.s.b.f.s.AbstractAutowireCapableBeanFactory&amp#27;[0;39m: Eagerly caching bean 'com.example.demo.InMemoryPostRepository#0' to allow for resolving potential circular references
&amp#27;[32m2025-06-07 12:19:39,120&amp#27;[0;39m &amp#27;[39mTRACE&amp#27;[0;39m [&amp#27;[34mmain&amp#27;[0;39m] &amp#27;[33mo.s.b.f.s.AbstractAutowireCapableBeanFactory&amp#27;[0;39m: Finished creating instance of bean 'com.example.demo.InMemoryPostRepository#0'
&amp#27;[32m2025-06-07 12:19:39,120&amp#27;[0;39m &amp#27;[39mDEBUG&amp#27;[0;39m [&amp#27;[34mmain&amp#27;[0;39m] &amp#27;[33mo.s.b.f.s.DefaultSingletonBeanRegistry&amp#27;[0;39m: Creating shared instance of singleton bean 'com.example.demo.PostHandler#0'
&amp#27;[32m2025-06-07 12:19:39,121&amp#27;[0;39m &amp#27;[39mTRACE&amp#27;[0;39m [&amp#27;[34mmain&amp#27;[0;39m] &amp#27;[33mo.s.b.f.s.AbstractAutowireCapableBeanFactory&amp#27;[0;39m: Creating instance of bean 'com.example.demo.PostHandler#0'
&amp#27;[32m2025-06-07 12:19:39,127&amp#27;[0;39m &amp#27;[39mTRACE&amp#27;[0;39m [&amp#27;[34mmain&amp#27;[0;39m] &amp#27;[33mo.s.b.f.s.AbstractBeanFactory&amp#27;[0;39m: Returning cached instance of singleton bean 'com.example.demo.InMemoryPostRepository#0'
&amp#27;[32m2025-06-07 12:19:39,131&amp#27;[0;39m &amp#27;[39mTRACE&amp#27;[0;39m [&amp#27;[34mmain&amp#27;[0;39m] &amp#27;[33mo.s.b.f.s.AbstractAutowireCapableBeanFactory&amp#27;[0;39m: Eagerly caching bean 'com.example.demo.PostHandler#0' to allow for resolving potential circular references
&amp#27;[32m2025-06-07 12:19:39,132&amp#27;[0;39m &amp#27;[39mTRACE&amp#27;[0;39m [&amp#27;[34mmain&amp#27;[0;39m] &amp#27;[33mo.s.b.f.s.AbstractAutowireCapableBeanFactory&amp#27;[0;39m: Finished creating instance of bean 'com.example.demo.PostHandler#0'
&amp#27;[32m2025-06-07 12:19:39,133&amp#27;[0;39m &amp#27;[39mDEBUG&amp#27;[0;39m [&amp#27;[34mmain&amp#27;[0;39m] &amp#27;[33mo.s.b.f.s.DefaultSingletonBeanRegistry&amp#27;[0;39m: Creating shared instance of singleton bean 'com.example.demo.Routes#0'
&amp#27;[32m2025-06-07 12:19:39,134&amp#27;[0;39m &amp#27;[39mTRACE&amp#27;[0;39m [&amp#27;[34mmain&amp#27;[0;39m] &amp#27;[33mo.s.b.f.s.AbstractAutowireCapableBeanFactory&amp#27;[0;39m: Creating instance of bean 'com.example.demo.Routes#0'
&amp#27;[32m2025-06-07 12:19:39,136&amp#27;[0;39m &amp#27;[39mTRACE&amp#27;[0;39m [&amp#27;[34mmain&amp#27;[0;39m] &amp#27;[33mo.s.b.f.s.AbstractBeanFactory&amp#27;[0;39m: Returning cached instance of singleton bean 'com.example.demo.PostHandler#0'
&amp#27;[32m2025-06-07 12:19:39,137&amp#27;[0;39m &amp#27;[39mTRACE&amp#27;[0;39m [&amp#27;[34mmain&amp#27;[0;39m] &amp#27;[33mo.s.b.f.s.AbstractAutowireCapableBeanFactory&amp#27;[0;39m: Eagerly caching bean 'com.example.demo.Routes#0' to allow for resolving potential circular references
&amp#27;[32m2025-06-07 12:19:39,139&amp#27;[0;39m &amp#27;[39mTRACE&amp#27;[0;39m [&amp#27;[34mmain&amp#27;[0;39m] &amp#27;[33mo.s.b.f.s.AbstractAutowireCapableBeanFactory&amp#27;[0;39m: Finished creating instance of bean 'com.example.demo.Routes#0'
&amp#27;[32m2025-06-07 12:19:39,176&amp#27;[0;39m &amp#27;[39mTRACE&amp#27;[0;39m [&amp#27;[34mmain&amp#27;[0;39m] &amp#27;[33mo.s.b.f.s.AbstractBeanFactory&amp#27;[0;39m: Returning cached instance of singleton bean 'lifecycleProcessor'
&amp#27;[32m2025-06-07 12:19:39,259&amp#27;[0;39m &amp#27;[39mTRACE&amp#27;[0;39m [&amp#27;[34mmain&amp#27;[0;39m] &amp#27;[33mo.s.b.f.s.AbstractBeanFactory&amp#27;[0;39m: Returning cached instance of singleton bean 'com.example.demo.InMemoryPostRepository#0'
&amp#27;[32m2025-06-07 12:19:42,294&amp#27;[0;39m &amp#27;[39mTRACE&amp#27;[0;39m [&amp#27;[34mmain&amp#27;[0;39m] &amp#27;[33mo.s.b.f.s.AbstractBeanFactory&amp#27;[0;39m: Returning cached instance of singleton bean 'org.springframework.context.annotation.internalConfigurationAnnotationProcessor'
&amp#27;[32m2025-06-07 12:19:42,295&amp#27;[0;39m &amp#27;[39mTRACE&amp#27;[0;39m [&amp#27;[34mmain&amp#27;[0;39m] &amp#27;[33mo.s.b.f.s.AbstractBeanFactory&amp#27;[0;39m: Returning cached instance of singleton bean 'org.springframework.context.annotation.internalAutowiredAnnotationProcessor'
&amp#27;[32m2025-06-07 12:19:42,296&amp#27;[0;39m &amp#27;[39mTRACE&amp#27;[0;39m [&amp#27;[34mmain&amp#27;[0;39m] &amp#27;[33mo.s.b.f.s.AbstractBeanFactory&amp#27;[0;39m: Returning cached instance of singleton bean 'org.springframework.context.event.internalEventListenerProcessor'
&amp#27;[32m2025-06-07 12:19:42,297&amp#27;[0;39m &amp#27;[39mTRACE&amp#27;[0;39m [&amp#27;[34mmain&amp#27;[0;39m] &amp#27;[33mo.s.b.f.s.AbstractBeanFactory&amp#27;[0;39m: Returning cached instance of singleton bean 'org.springframework.context.event.internalEventListenerFactory'
&amp#27;[32m2025-06-07 12:19:42,298&amp#27;[0;39m &amp#27;[39mTRACE&amp#27;[0;39m [&amp#27;[34mmain&amp#27;[0;39m] &amp#27;[33mo.s.b.f.s.AbstractBeanFactory&amp#27;[0;39m: Returning cached instance of singleton bean 'customConfig'
&amp#27;[32m2025-06-07 12:19:42,298&amp#27;[0;39m &amp#27;[39mTRACE&amp#27;[0;39m [&amp#27;[34mmain&amp#27;[0;39m] &amp#27;[33mo.s.b.f.s.AbstractBeanFactory&amp#27;[0;39m: Returning cached instance of singleton bean 'org.springframework.test.context.support.internalDynamicPropertyRegistrarBeanInitializer'
&amp#27;[32m2025-06-07 12:19:42,299&amp#27;[0;39m &amp#27;[39mTRACE&amp#27;[0;39m [&amp#27;[34mmain&amp#27;[0;39m] &amp#27;[33mo.s.b.f.s.AbstractBeanFactory&amp#27;[0;39m: Returning cached instance of singleton bean 'com.example.demo.InMemoryPostRepository#0'
&amp#27;[32m2025-06-07 12:19:42,299&amp#27;[0;39m &amp#27;[39mTRACE&amp#27;[0;39m [&amp#27;[34mmain&amp#27;[0;39m] &amp#27;[33mo.s.b.f.s.AbstractBeanFactory&amp#27;[0;39m: Returning cached instance of singleton bean 'com.example.demo.PostHandler#0'
&amp#27;[32m2025-06-07 12:19:42,300&amp#27;[0;39m &amp#27;[39mTRACE&amp#27;[0;39m [&amp#27;[34mmain&amp#27;[0;39m] &amp#27;[33mo.s.b.f.s.AbstractBeanFactory&amp#27;[0;39m: Returning cached instance of singleton bean 'com.example.demo.Routes#0'
&amp#27;[32m2025-06-07 12:19:42,530&amp#27;[0;39m &amp#27;[39mTRACE&amp#27;[0;39m [&amp#27;[34mmain&amp#27;[0;39m] &amp#27;[33mo.s.b.f.s.AbstractBeanFactory&amp#27;[0;39m: Returning cached instance of singleton bean 'org.springframework.context.annotation.internalConfigurationAnnotationProcessor'
&amp#27;[32m2025-06-07 12:19:42,531&amp#27;[0;39m &amp#27;[39mTRACE&amp#27;[0;39m [&amp#27;[34mmain&amp#27;[0;39m] &amp#27;[33mo.s.b.f.s.AbstractBeanFactory&amp#27;[0;39m: Returning cached instance of singleton bean 'org.springframework.context.annotation.internalAutowiredAnnotationProcessor'
&amp#27;[32m2025-06-07 12:19:42,532&amp#27;[0;39m &amp#27;[39mTRACE&amp#27;[0;39m [&amp#27;[34mmain&amp#27;[0;39m] &amp#27;[33mo.s.b.f.s.AbstractBeanFactory&amp#27;[0;39m: Returning cached instance of singleton bean 'org.springframework.context.event.internalEventListenerProcessor'
&amp#27;[32m2025-06-07 12:19:42,533&amp#27;[0;39m &amp#27;[39mTRACE&amp#27;[0;39m [&amp#27;[34mmain&amp#27;[0;39m] &amp#27;[33mo.s.b.f.s.AbstractBeanFactory&amp#27;[0;39m: Returning cached instance of singleton bean 'org.springframework.context.event.internalEventListenerFactory'
&amp#27;[32m2025-06-07 12:19:42,533&amp#27;[0;39m &amp#27;[39mTRACE&amp#27;[0;39m [&amp#27;[34mmain&amp#27;[0;39m] &amp#27;[33mo.s.b.f.s.AbstractBeanFactory&amp#27;[0;39m: Returning cached instance of singleton bean 'customConfig'
&amp#27;[32m2025-06-07 12:19:42,534&amp#27;[0;39m &amp#27;[39mTRACE&amp#27;[0;39m [&amp#27;[34mmain&amp#27;[0;39m] &amp#27;[33mo.s.b.f.s.AbstractBeanFactory&amp#27;[0;39m: Returning cached instance of singleton bean 'org.springframework.test.context.support.internalDynamicPropertyRegistrarBeanInitializer'
&amp#27;[32m2025-06-07 12:19:42,535&amp#27;[0;39m &amp#27;[39mTRACE&amp#27;[0;39m [&amp#27;[34mmain&amp#27;[0;39m] &amp#27;[33mo.s.b.f.s.AbstractBeanFactory&amp#27;[0;39m: Returning cached instance of singleton bean 'com.example.demo.InMemoryPostRepository#0'
&amp#27;[32m2025-06-07 12:19:42,536&amp#27;[0;39m &amp#27;[39mTRACE&amp#27;[0;39m [&amp#27;[34mmain&amp#27;[0;39m] &amp#27;[33mo.s.b.f.s.AbstractBeanFactory&amp#27;[0;39m: Returning cached instance of singleton bean 'com.example.demo.PostHandler#0'
&amp#27;[32m2025-06-07 12:19:42,538&amp#27;[0;39m &amp#27;[39mTRACE&amp#27;[0;39m [&amp#27;[34mmain&amp#27;[0;39m] &amp#27;[33mo.s.b.f.s.AbstractBeanFactory&amp#27;[0;39m: Returning cached instance of singleton bean 'com.example.demo.Routes#0'
]]></system-out>
    <system-err><![CDATA[Mockito is currently self-attaching to enable the inline-mock-maker. This will no longer work in future releases of the JDK. Please add Mockito as an agent to your build as described in Mockito's documentation: https://javadoc.io/doc/org.mockito/mockito-core/latest/org/mockito/Mockito.html#0.3
WARNING: A Java agent has been loaded dynamically (C:\Users\hantsy\.m2\repository\net\bytebuddy\byte-buddy-agent\1.15.11\byte-buddy-agent-1.15.11.jar)
WARNING: If a serviceability tool is in use, please run with -XX:+EnableDynamicAgentLoading to hide this warning
WARNING: If a serviceability tool is not in use, please run with -Djdk.instrument.traceUsage for more information
WARNING: Dynamic loading of agents will be disallowed by default in a future release
]]></system-err>
  </testcase>
</testsuite>